<?xml version="1.0" encoding="UTF-8"?>
<!-- Generated by org.testng.reporters.JUnitReportReporter -->
<testsuite hostname="THQ1LTMMOSTAFA" name="pre_wiz.Identify_Elements_pwiz" tests="1" failures="0" timestamp="19 Dec 2018 07:09:24 GMT" time="534.517" errors="0">
  <testcase name="testCal" time="534.517" classname="pre_wiz.Identify_Elements_pwiz"/>
</testsuite> <!-- pre_wiz.Identify_Elements_pwiz -->
